\BOOKMARK [1][-]{section.1}{\376\377\174\373\175\161\176\075\211\275}{}% 1
\BOOKMARK [2][-]{subsection.1.1}{\376\377\000N\000e\000x\000t\000S\000P\000I\000C\000E\000\040\174\041\116\313}{section.1}% 2
\BOOKMARK [2][-]{subsection.1.2}{\376\377\174\373\175\161\147\266\151\313\122\006\134\144}{section.1}% 3
\BOOKMARK [2][-]{subsection.1.3}{\376\377\123\237\131\313\170\274\152\224\150\110\176\075\211\275}{section.1}% 4
\BOOKMARK [1][-]{section.2}{\376\377\175\262\210\150\212\236\154\325\202\007\175\350\213\157\126\150}{}% 5
\BOOKMARK [2][-]{subsection.2.1}{\376\377\000S\000P\000I\000C\000E\000\040\175\262\210\150\150\074\137\017}{section.2}% 6
\BOOKMARK [3][-]{subsubsection.2.1.1}{\376\377\121\103\116\366\212\236\154\325}{subsection.2.1}% 7
\BOOKMARK [3][-]{subsubsection.2.1.2}{\376\377\122\006\147\220\143\007\116\344\212\236\154\325}{subsection.2.1}% 8
\BOOKMARK [2][-]{subsection.2.2}{\376\377\125\256\117\115\217\111\143\333\174\373\175\161}{section.2}% 9
\BOOKMARK [2][-]{subsection.2.3}{\376\377\175\350\213\157\155\101\172\013}{section.2}% 10
\BOOKMARK [2][-]{subsection.2.4}{\376\377\133\120\226\373\215\357\134\125\136\163\157\024\173\227\154\325}{section.2}% 11
\BOOKMARK [1][-]{section.3}{\376\377\117\356\153\143\173\300\236\336\122\006\147\220\154\325\377\010\000M\000N\000A\377\011}{}% 12
\BOOKMARK [2][-]{subsection.3.1}{\376\377\164\006\212\326\127\372\171\016}{section.3}% 13
\BOOKMARK [2][-]{subsection.3.2}{\376\377\121\103\116\366\142\063\123\160\154\325\377\010\000S\000t\000a\000m\000p\000i\000n\000g\377\011}{section.3}% 14
\BOOKMARK [3][-]{subsubsection.3.2.1}{\376\377\226\373\226\073\126\150}{subsection.3.2}% 15
\BOOKMARK [3][-]{subsubsection.3.2.2}{\376\377\226\373\130\323\156\220}{subsection.3.2}% 16
\BOOKMARK [3][-]{subsubsection.3.2.3}{\376\377\226\373\155\101\156\220}{subsection.3.2}% 17
\BOOKMARK [3][-]{subsubsection.3.2.4}{\376\377\226\373\133\271\126\150}{subsection.3.2}% 18
\BOOKMARK [3][-]{subsubsection.3.2.5}{\376\377\226\373\141\037\126\150}{subsection.3.2}% 19
\BOOKMARK [3][-]{subsubsection.3.2.6}{\376\377\116\222\141\037\377\010\000M\000u\000t\000u\000a\000l\000\040\000I\000n\000d\000u\000c\000t\000a\000n\000c\000e\377\011}{subsection.3.2}% 20
\BOOKMARK [3][-]{subsubsection.3.2.7}{\376\377\226\373\130\323\143\247\122\066\226\373\130\323\156\220\377\010\000V\000C\000V\000S\377\014\000E\000\040\121\103\116\366\377\011}{subsection.3.2}% 21
\BOOKMARK [3][-]{subsubsection.3.2.8}{\376\377\226\373\130\323\143\247\122\066\226\373\155\101\156\220\377\010\000V\000C\000C\000S\377\014\000G\000\040\121\103\116\366\377\011}{subsection.3.2}% 22
\BOOKMARK [3][-]{subsubsection.3.2.9}{\376\377\226\373\155\101\143\247\122\066\226\373\130\323\156\220\377\010\000C\000C\000V\000S\377\014\000H\000\040\121\103\116\366\377\011}{subsection.3.2}% 23
\BOOKMARK [3][-]{subsubsection.3.2.10}{\376\377\226\373\155\101\143\247\122\066\226\373\155\101\156\220\377\010\000C\000C\000C\000S\377\014\000F\000\040\121\103\116\366\377\011}{subsection.3.2}% 24
\BOOKMARK [2][-]{subsection.3.3}{\376\377\173\300\236\336\173\241\164\006\126\150}{section.3}% 25
\BOOKMARK [1][-]{section.4}{\376\377\146\102\127\337\154\342\137\142\165\042\165\037\126\150}{}% 26
\BOOKMARK [2][-]{subsection.4.1}{\376\377\153\143\137\046\154\342\000\040\000S\000I\000N}{section.4}% 27
\BOOKMARK [2][-]{subsection.4.2}{\376\377\201\010\210\135\154\342\000\040\000P\000U\000L\000S\000E}{section.4}% 28
\BOOKMARK [2][-]{subsection.4.3}{\376\377\122\006\153\265\175\332\140\047\154\342\000\040\000P\000W\000L}{section.4}% 29
\BOOKMARK [1][-]{section.5}{\376\377\122\006\147\220\157\024\173\227\154\325}{}% 30
\BOOKMARK [2][-]{subsection.5.1}{\376\377\166\364\155\101\135\345\117\134\236\336\122\006\147\220\377\010\000.\000O\000P\377\011}{section.5}% 31
\BOOKMARK [2][-]{subsection.5.2}{\376\377\116\244\155\101\134\017\212\012\206\137\122\006\147\220\377\010\000.\000A\000C\377\011}{section.5}% 32
\BOOKMARK [2][-]{subsection.5.3}{\376\377\166\364\155\101\143\203\143\317\122\006\147\220\377\010\000.\000D\000C\377\011}{section.5}% 33
\BOOKMARK [2][-]{subsection.5.4}{\376\377\146\253\141\113\122\006\147\220\377\010\000.\000T\000R\000A\000N\377\011}{section.5}% 34
\BOOKMARK [3][-]{subsubsection.5.4.1}{\376\377\137\214\124\021\153\120\142\311\154\325\123\237\164\006}{subsection.5.4}% 35
\BOOKMARK [3][-]{subsubsection.5.4.2}{\376\377\117\064\226\250\226\373\215\357\152\041\127\213\377\010\000C\000o\000m\000p\000a\000n\000i\000o\000n\000\040\000M\000o\000d\000e\000l\377\011}{subsection.5.4}% 36
\BOOKMARK [3][-]{subsubsection.5.4.3}{\376\377\146\253\141\113\122\006\147\220\155\101\172\013}{subsection.5.4}% 37
\BOOKMARK [2][-]{subsection.5.5}{\376\377\227\110\145\117\136\246\122\006\147\220\377\010\000.\000S\000E\000N\000S\377\011}{section.5}% 38
\BOOKMARK [3][-]{subsubsection.5.5.1}{\376\377\166\364\155\101\130\236\166\312\133\232\177\251}{subsection.5.5}% 39
\BOOKMARK [3][-]{subsubsection.5.5.2}{\376\377\116\055\131\056\135\356\122\006\227\110\145\117\136\246}{subsection.5.5}% 40
\BOOKMARK [2][-]{subsection.5.6}{\376\377\123\303\145\170\143\203\143\317\377\010\000.\000S\000T\000E\000P\377\011}{section.5}% 41
\BOOKMARK [1][-]{section.6}{\376\377\221\317\156\054\137\025\144\316}{}% 42
\BOOKMARK [2][-]{subsection.6.1}{\376\377\000.\000M\000E\000A\000S\000U\000R\000E\000\040\000T\000R\000A\000N\000\040\143\007\116\344}{section.6}% 43
\BOOKMARK [3][-]{subsubsection.6.1.1}{\376\377\000T\000R\000I\000G\000.\000.\000.\000T\000A\000R\000G\000\040\226\331\236\336\156\054\221\317\212\236\154\325}{subsection.6.1}% 44
\BOOKMARK [3][-]{subsubsection.6.1.2}{\376\377\172\177\215\212\236\336\120\165\156\054\157\024\173\227\154\325}{subsection.6.1}% 45
\BOOKMARK [1][-]{section.7}{\376\377\172\000\165\217\167\351\226\143\154\102\211\343\173\126\165\145}{}% 46
\BOOKMARK [2][-]{subsection.7.1}{\376\377\160\272\117\125\117\177\165\050\172\000\165\217\167\351\226\143}{section.7}% 47
\BOOKMARK [2][-]{subsection.7.2}{\376\377\000S\000c\000i\000P\000y\000\040\172\000\165\217\167\351\226\143\135\345\117\134\155\101\172\013}{section.7}% 48
\BOOKMARK [1][-]{section.8}{\376\377\226\373\215\357\136\372\151\313\126\150\377\010\000T\000w\000o\000-\000P\000a\000s\000s\000\040\136\372\151\313\154\325\377\011}{}% 49
\BOOKMARK [2][-]{subsection.8.1}{\376\377\000P\000a\000s\000s\000\040\0001\377\032\163\150\172\313\121\103\116\366\136\372\151\313}{section.8}% 50
\BOOKMARK [2][-]{subsection.8.2}{\376\377\000P\000a\000s\000s\000\040\0002\377\032\116\244\123\311\123\303\161\147\211\343\147\220}{section.8}% 51
\BOOKMARK [1][-]{section.9}{\376\377\122\006\147\220\143\222\172\013\176\075\173\241}{}% 52
\BOOKMARK [2][-]{subsection.9.1}{\376\377\175\120\147\234\217\070\121\372\150\074\137\017}{section.9}% 53
\BOOKMARK [2][-]{subsection.9.2}{\376\377\122\237\163\207\212\010\173\227}{section.9}% 54
\BOOKMARK [1][-]{section.10}{\376\377\145\057\143\364\166\204\121\103\116\366\176\075\211\275}{}% 55
\BOOKMARK [1][-]{section.11}{\376\377\133\214\145\164\152\041\144\354\173\304\117\213}{}% 56
\BOOKMARK [2][-]{subsection.11.1}{\376\377\173\304\117\213\116\000\377\032\000R\000C\000\040\117\116\220\032\157\376\154\342\126\150\230\073\163\207\227\377\141\311}{section.11}% 57
\BOOKMARK [2][-]{subsection.11.2}{\376\377\173\304\117\213\116\214\377\032\000R\000L\000C\000\040\146\253\141\113\227\377\141\311}{section.11}% 58
\BOOKMARK [2][-]{subsection.11.3}{\376\377\173\304\117\213\116\011\377\032\213\212\130\323\126\150\116\222\141\037\152\041\127\213}{section.11}% 59
\BOOKMARK [2][-]{subsection.11.4}{\376\377\173\304\117\213\126\333\377\032\124\053\123\303\145\170\166\204\227\110\145\117\136\246\122\006\147\220}{section.11}% 60
\BOOKMARK [1][-]{section.12}{\376\377\172\357\122\060\172\357\214\307\145\231\155\101\172\013\127\026}{}% 61
\BOOKMARK [1][-]{section.13}{\376\377\135\362\167\345\226\120\122\066\202\007\147\052\117\206\134\125\147\033}{}% 62
\BOOKMARK [2][-]{subsection.13.1}{\376\377\166\356\122\115\226\120\122\066}{section.13}% 63
\BOOKMARK [2][-]{subsection.13.2}{\376\377\145\110\200\375\162\171\140\047}{section.13}% 64
\BOOKMARK [1][-]{subsection.13.2}{\376\377\226\104\223\004\000\040\000A\377\032\145\170\133\170\173\046\206\137\210\150}{}% 65
\BOOKMARK [1][-]{table.3}{\376\377\226\104\223\004\000\040\000B\377\032\000S\000P\000I\000C\000E\000\040\175\262\210\150\137\353\220\037\123\303\200\003}{}% 66
